0 info it worked if it ends with ok
1 verbose cli [ '/Users/pankaj/.nvm/versions/node/v5.7.1/bin/node',
1 verbose cli   '/Users/pankaj/.nvm/versions/node/v5.7.1/bin/npm',
1 verbose cli   'run',
1 verbose cli   'start' ]
2 info using npm@3.6.0
3 info using node@v5.7.1
4 verbose run-script [ 'prestart', 'start', 'poststart' ]
5 info lifecycle redux-simple-starter@1.0.0~prestart: redux-simple-starter@1.0.0
6 silly lifecycle redux-simple-starter@1.0.0~prestart: no script for prestart, continuing
7 info lifecycle redux-simple-starter@1.0.0~start: redux-simple-starter@1.0.0
8 verbose lifecycle redux-simple-starter@1.0.0~start: unsafe-perm in lifecycle true
9 verbose lifecycle redux-simple-starter@1.0.0~start: PATH: /Users/pankaj/.nvm/versions/node/v5.7.1/lib/node_modules/npm/bin/node-gyp-bin:/Applications/workspace/React-router-redux-withoutgit/node_modules/.bin:/Users/pankaj/.nvm/versions/node/v5.7.1/bin:/usr/local/bin:/usr/bin:/bin:/usr/sbin:/sbin
10 verbose lifecycle redux-simple-starter@1.0.0~start: CWD: /Applications/workspace/React-router-redux-withoutgit
11 silly lifecycle redux-simple-starter@1.0.0~start: Args: [ '-c',
11 silly lifecycle   'cross-env NODE_PATH=./src concurrently --kill-others "node src/server"' ]
12 silly lifecycle redux-simple-starter@1.0.0~start: Returned: code: 1  signal: null
13 info lifecycle redux-simple-starter@1.0.0~start: Failed to exec start script
14 verbose stack Error: redux-simple-starter@1.0.0 start: `cross-env NODE_PATH=./src concurrently --kill-others "node src/server"`
14 verbose stack Exit status 1
14 verbose stack     at EventEmitter.<anonymous> (/Users/pankaj/.nvm/versions/node/v5.7.1/lib/node_modules/npm/lib/utils/lifecycle.js:232:16)
14 verbose stack     at emitTwo (events.js:100:13)
14 verbose stack     at EventEmitter.emit (events.js:185:7)
14 verbose stack     at ChildProcess.<anonymous> (/Users/pankaj/.nvm/versions/node/v5.7.1/lib/node_modules/npm/lib/utils/spawn.js:24:14)
14 verbose stack     at emitTwo (events.js:100:13)
14 verbose stack     at ChildProcess.emit (events.js:185:7)
14 verbose stack     at maybeClose (internal/child_process.js:827:16)
14 verbose stack     at Process.ChildProcess._handle.onexit (internal/child_process.js:211:5)
15 verbose pkgid redux-simple-starter@1.0.0
16 verbose cwd /Applications/workspace/React-router-redux-withoutgit
17 error Darwin 15.6.0
18 error argv "/Users/pankaj/.nvm/versions/node/v5.7.1/bin/node" "/Users/pankaj/.nvm/versions/node/v5.7.1/bin/npm" "run" "start"
19 error node v5.7.1
20 error npm  v3.6.0
21 error code ELIFECYCLE
22 error redux-simple-starter@1.0.0 start: `cross-env NODE_PATH=./src concurrently --kill-others "node src/server"`
22 error Exit status 1
23 error Failed at the redux-simple-starter@1.0.0 start script 'cross-env NODE_PATH=./src concurrently --kill-others "node src/server"'.
23 error Make sure you have the latest version of node.js and npm installed.
23 error If you do, this is most likely a problem with the redux-simple-starter package,
23 error not with npm itself.
23 error Tell the author that this fails on your system:
23 error     cross-env NODE_PATH=./src concurrently --kill-others "node src/server"
23 error You can get information on how to open an issue for this project with:
23 error     npm bugs redux-simple-starter
23 error Or if that isn't available, you can get their info via:
23 error     npm owner ls redux-simple-starter
23 error There is likely additional logging output above.
24 verbose exit [ 1, true ]
